c:\users\rthery\source\repos\algorithmenewtonraphson\x64\debug\vc141.pdb
c:\users\rthery\source\repos\algorithmenewtonraphson\x64\debug\vc141.idb
c:\users\rthery\source\repos\algorithmenewtonraphson\x64\debug\fonctions.obj
c:\users\rthery\source\repos\algorithmenewtonraphson\x64\debug\modelesysteme1.obj
c:\users\rthery\source\repos\algorithmenewtonraphson\x64\debug\main.obj
c:\users\rthery\source\repos\algorithmenewtonraphson\x64\debug\modeleeanl.obj
c:\users\rthery\source\repos\algorithmenewtonraphson\x64\debug\methodenumerique.obj
c:\users\rthery\source\repos\algorithmenewtonraphson\x64\debug\algorithmenewtonraphson.exe
c:\users\rthery\source\repos\algorithmenewtonraphson\x64\debug\algorithmenewtonraphson.ilk
c:\users\rthery\source\repos\algorithmenewtonraphson\x64\debug\algorithmenewtonraphson.pdb
c:\users\rthery\documents\git\dossiers_git\enseignement\1agp\newton\fichiersfournis\algorithmenewtonraphson\x64\debug\fonctions.obj
c:\users\rthery\documents\git\dossiers_git\enseignement\1agp\newton\fichiersfournis\algorithmenewtonraphson\x64\debug\main.obj
c:\users\rthery\documents\git\dossiers_git\enseignement\1agp\newton\fichiersfournis\algorithmenewtonraphson\x64\debug\methodenumerique.obj
c:\users\rthery\documents\git\dossiers_git\enseignement\1agp\newton\fichiersfournis\algorithmenewtonraphson\x64\debug\modeleeanl.obj
c:\users\rthery\documents\git\dossiers_git\enseignement\1agp\newton\fichiersfournis\algorithmenewtonraphson\x64\debug\modelesysteme1.obj
c:\users\rthery\documents\git\dossiers_git\enseignement\1agp\newton\fichiersfournis\algorithmenewtonraphson\x64\debug\numerique.obj
c:\users\rthery\documents\git\dossiers_git\enseignement\1agp\newton\fichiersfournis\algorithmenewtonraphson\x64\debug\algorithmenewtonraphson.ilk
c:\users\rthery\documents\git\dossiers_git\enseignement\1agp\newton\fichiersfournis\algorithmenewtonraphson\x64\debug\vc141.idb
c:\users\rthery\documents\git\dossiers_git\enseignement\1agp\newton\fichiersfournis\algorithmenewtonraphson\x64\debug\algorithmenewtonraphson.pdb
c:\users\rthery\documents\git\dossiers_git\enseignement\1agp\newton\fichiersfournis\algorithmenewtonraphson\x64\debug\vc141.pdb
c:\users\rthery\documents\git\dossiers_git\enseignement\1agp\newton\fichiersfournis\algorithmenewtonraphson\x64\debug\algorithmenewtonraphson.exe
c:\users\rthery\documents\git\dossiers_git\enseignement\1agp\newton\fichiersfournis\algorithmenewtonraphson\x64\debug\algorith.72eb65d8.tlog\cl.command.1.tlog
c:\users\rthery\documents\git\dossiers_git\enseignement\1agp\newton\fichiersfournis\algorithmenewtonraphson\x64\debug\algorith.72eb65d8.tlog\cl.read.1.tlog
c:\users\rthery\documents\git\dossiers_git\enseignement\1agp\newton\fichiersfournis\algorithmenewtonraphson\x64\debug\algorith.72eb65d8.tlog\cl.write.1.tlog
c:\users\rthery\documents\git\dossiers_git\enseignement\1agp\newton\fichiersfournis\algorithmenewtonraphson\x64\debug\algorith.72eb65d8.tlog\link.command.1.tlog
c:\users\rthery\documents\git\dossiers_git\enseignement\1agp\newton\fichiersfournis\algorithmenewtonraphson\x64\debug\algorith.72eb65d8.tlog\link.read.1.tlog
c:\users\rthery\documents\git\dossiers_git\enseignement\1agp\newton\fichiersfournis\algorithmenewtonraphson\x64\debug\algorith.72eb65d8.tlog\link.write.1.tlog
